<?xml version="1.0" encoding="UTF-8"?>
<!-- Generated by org.testng.reporters.JUnitReportReporter -->
<testsuite hostname="DESKTOP-SKM8B5K" failures="0" tests="2" name="TestPack.RuUp" time="3.562" errors="0" timestamp="2021-04-12T13:10:40 IST" skipped="0">
  <testcase classname="TestPack.RuUp" name="loadAssignment" time="3.449"/>
  <system-out/>
  <testcase classname="TestPack.RuUp" name="blankFillCheck" time="0.113"/>
  <system-out/>
</testsuite> <!-- TestPack.RuUp -->
