<?xml version="1.0" encoding="UTF-8"?>
<!-- Generated by org.testng.reporters.JUnitReportReporter -->
<testsuite hostname="DESKTOP-SKM8B5K" failures="0" tests="10" name="TestPack.GroupAssignment" time="6.175" errors="0" timestamp="2021-04-21T22:17:33 IST" skipped="0">
  <testcase classname="TestPack.GroupAssignment" name="loadAssignment" time="2.547"/>
  <system-out/>
  <testcase classname="TestPack.GroupAssignment" name="passValuesAndCheckMandatoryFields" time="3.255"/>
  <system-out/>
  <testcase classname="TestPack.GroupAssignment" name="emailValidation" time="0.078"/>
  <system-out/>
  <testcase classname="TestPack.GroupAssignment" name="checkCurrentMedications" time="0.132"/>
  <system-out/>
  <testcase classname="TestPack.GroupAssignment" name="validateSSN" time="0.068"/>
  <system-out/>
  <testcase classname="TestPack.GroupAssignment" name="validateContactNoText" time="0.019"/>
  <system-out/>
  <testcase classname="TestPack.GroupAssignment" name="validateMainHeading" time="0.026"/>
  <system-out/>
  <testcase classname="TestPack.GroupAssignment" name="validateSubHeading" time="0.025"/>
  <system-out/>
  <testcase classname="TestPack.GroupAssignment" name="headingAvailability" time="0.013"/>
  <system-out/>
  <testcase classname="TestPack.GroupAssignment" name="subHeadingAvailability" time="0.012"/>
  <system-out/>
</testsuite> <!-- TestPack.GroupAssignment -->
